<?xml version="1.0" encoding="UTF-8"?>
<testng-results ignored="0" total="1" passed="1" failed="0" skipped="0">
  <reporter-output>
  </reporter-output>
  <suite started-at="2022-02-19T09:11:38 GMT-05:00" name="Default suite" finished-at="2022-02-19T09:12:13 GMT-05:00" duration-ms="34037">
    <groups>
    </groups>
    <test started-at="2022-02-19T09:11:38 GMT-05:00" name="Default test" finished-at="2022-02-19T09:12:13 GMT-05:00" duration-ms="34037">
      <class name="HashMapUsinginFramworks.AutomationPractice_TestNG_LoginTest">
        <test-method is-config="true" signature="beforeMethod()[pri:0, instance:HashMapUsinginFramworks.AutomationPractice_TestNG_LoginTest@2dc54ad4]" started-at="2022-02-19T09:11:39 GMT-05:00" name="beforeMethod" finished-at="2022-02-19T09:11:55 GMT-05:00" duration-ms="15936" status="PASS">
          <reporter-output>
          </reporter-output>
        </test-method> <!-- beforeMethod -->
        <test-method signature="loginWithCustomerUserTest()[pri:0, instance:HashMapUsinginFramworks.AutomationPractice_TestNG_LoginTest@2dc54ad4]" started-at="2022-02-19T09:11:55 GMT-05:00" name="loginWithCustomerUserTest" finished-at="2022-02-19T09:12:12 GMT-05:00" duration-ms="17516" status="PASS">
          <reporter-output>
          </reporter-output>
        </test-method> <!-- loginWithCustomerUserTest -->
        <test-method is-config="true" signature="afterMethod()[pri:0, instance:HashMapUsinginFramworks.AutomationPractice_TestNG_LoginTest@2dc54ad4]" started-at="2022-02-19T09:12:12 GMT-05:00" name="afterMethod" finished-at="2022-02-19T09:12:13 GMT-05:00" duration-ms="457" status="PASS">
          <reporter-output>
          </reporter-output>
        </test-method> <!-- afterMethod -->
      </class> <!-- HashMapUsinginFramworks.AutomationPractice_TestNG_LoginTest -->
    </test> <!-- Default test -->
  </suite> <!-- Default suite -->
</testng-results>
